
> rest-express@1.0.0 build
> cd client && vite build && cd .. && esbuild server/index.ts --platform=node --packages=external --bundle --format=esm --outdir=dist

[36mvite v7.1.2 [32mbuilding for production...[36m[39m
transforming...
node.exe : 
At C:\Program Files\nodejs\npm.ps1:29 char:3
+   & $NODE_EXE $NPM_CLI_JS $args
+   ~~~~~~~~~~~~~~~~~~~~~~~~~~~~~
    + CategoryInfo          : NotSpecified: (:String) [], RemoteException
    + FullyQualifiedErrorId : NativeCommandError
 
[1m[33mwarn[39m[22m - The `content` option in your Tailwind CSS configuration is missing or empty.
[1m[33mwarn[39m[22m - Configure your content sources or your generated CSS will be missing styles.
[1m[33mwarn[39m[22m - https://tailwindcss.com/docs/content-configuration
[32mΓ£ô[39m 1859 modules transformed.
rendering chunks...
computing gzip size...
[2m../dist/client/[22m[32m.vite/manifest.json        [39m[1m[2m  0.19 kB[22m[1m[22m[2m Γöé gzip:   0.14 kB[22m
[2m../dist/client/[22m[32mindex.html                 [39m[1m[2m  0.64 kB[22m[1m[22m[2m Γöé gzip:   0.39 kB[22m
[2m../dist/client/[22m[35massets/index-BxIwxiGR.css  [39m[1m[2m  6.53 kB[22m[1m[22m[2m Γöé gzip:   1.69 kB[22m
[2m../dist/client/[22m[36massets/index-KyT56hBY.js   [39m[1m[2m467.95 kB[22m[1m[22m[2m Γöé gzip: 141.78 kB[22m
[32mΓ£ô built in 6.72s[39m

  dist\index.js  19.1kb

Done in 10ms
